<?xml version="1.0" encoding="UTF-8"?>
<!-- Generated by org.testng.reporters.JUnitReportReporter -->
<testsuite skipped="0" hostname="DESKTOP-8V5SOBE" name="br.com.bioritmo.ReservaAulas.Reservar" tests="1" failures="0" timestamp="22 fev 2019 00:46:39 GMT" time="103.345" errors="0">
  <testcase name="reservar" time="103.345" classname="br.com.bioritmo.ReservaAulas.Reservar"/>
</testsuite> <!-- br.com.bioritmo.ReservaAulas.Reservar -->
